[April 11, 2022, 4:47 pm]{email: lina@gmail.com, mdp: passeLina}
[April 11, 2022, 4:48 pm]{email: lina@gmail.com, mdp: passeLina}
[April 11, 2022, 5:16 pm]{email: lina@gmail.com, mdp: passeLina}
[April 11, 2022, 6:50 pm]{email: jb@gmail.com, mdp: x}
[April 11, 2022, 9:22 pm]{email: jb@gmail.com, mdp: x}
[April 11, 2022, 9:29 pm]{email: jb@gmail.com, mdp: x}
[April 12, 2022, 6:48 am]{email: lina@gmail.com, mdp: passeLina}
[April 12, 2022, 1:12 pm]{email: lina@gmail.com, mdp: passeLina}
[April 13, 2022, 4:14 pm]{email: lina@gmail.com, mdp: passeLina}
[April 13, 2022, 8:04 pm]{email: edgar@gmail.com, mdp: passeEdgar}
[May 2, 2022, 8:46 pm]{email: lina@gmail.com, mdp: passeLina}
[May 2, 2022, 8:56 pm]{email: lina@gmail.com, mdp: passeLina}
[May 2, 2022, 9:01 pm]{email: lina@gmail.com, mdp: passeLina}
[May 2, 2022, 9:13 pm]{email: lina@gmail.com, mdp: passeLina}
[May 2, 2022, 9:20 pm]{email: lina@gmail.com, mdp: passeLina}
[May 2, 2022, 9:42 pm]{email: jb@gmail.com, mdp: x}
[May 2, 2022, 9:45 pm]{email: lina@gmail.com, mdp: passeLina}
[May 3, 2022, 5:38 pm]{email: lina@gmail.com, mdp: passeLina}
[May 3, 2022, 5:38 pm]{email: jb@gmail.com, mdp: x}
[May 4, 2022, 7:25 pm]{email: jb@gmail.com, mdp: x}
[May 4, 2022, 7:30 pm]{email: jb@gmail.com, mdp: x}
[May 4, 2022, 7:33 pm]{email: jb@gmail.com, mdp: x}
[May 4, 2022, 7:37 pm]{email: lina@gmail.com, mdp: passeLina}
[May 4, 2022, 7:42 pm]{email: lina@gmail.com, mdp: passeLina}
[May 4, 2022, 7:42 pm]{email: lina@gmail.com, mdp: passeLina}
[May 4, 2022, 7:43 pm]{email: jb@gmail.com, mdp: x}
[May 4, 2022, 7:43 pm]{email: jb@gmail.com, mdp: x}
[May 4, 2022, 7:43 pm]{email: lina@gmail.com, mdp: passeLina}
[May 4, 2022, 7:43 pm]{email: lina@gmail.com, mdp: passeLina}
[May 4, 2022, 9:35 pm]{email: lina@gmail.com, mdp: passeLina}
[May 4, 2022, 9:35 pm]{email: lina@gmail.com, mdp: passeLina}
[May 5, 2022, 6:24 pm]{email: jb@gmail.com, mdp: x}
[May 5, 2022, 9:33 pm]{email: jb@gmail.com, mdp: x}
[May 5, 2022, 9:33 pm]{email: jb@gmail.com, mdp: x}
[May 5, 2022, 9:33 pm]{email: jb@gmail.com, mdp: x}
[May 5, 2022, 9:35 pm]{email: jb@gmail.com, mdp: x}
[May 5, 2022, 9:35 pm]{email: jb@gmail.com, mdp: x}
[May 6, 2022, 1:50 pm]{email: michel2@wanadoo.fr, mdp: 456789}
[May 6, 2022, 2:34 pm]{email: jb@gmail.com, mdp: x}
[May 6, 2022, 2:34 pm]{email: jb@gmail.com, mdp: x}
[May 6, 2022, 9:48 pm]{email: jb@gmail.com, mdp: x}
[May 6, 2022, 9:50 pm]{email: jb@gmail.com, mdp: x}
[May 6, 2022, 9:50 pm]{email: jb@gmail.com, mdp: x}
[May 7, 2022, 4:01 pm]{email: jb@gmail.com, mdp: x}
[May 7, 2022, 4:02 pm]{email: jb@gmail.com, mdp: x}
[May 7, 2022, 4:02 pm]{email: jb@gmail.com, mdp: x}
[May 7, 2022, 4:02 pm]{email: jb@gmail.com, mdp: x}
[May 7, 2022, 4:02 pm]{email: jb@gmail.com, mdp: x}
[May 7, 2022, 5:57 pm]{email: jb@gmail.com, mdp: x}
[May 7, 2022, 5:57 pm]{email: jb@gmail.com, mdp: x}
[May 7, 2022, 5:57 pm]{email: jb@gmail.com, mdp: x}
[May 7, 2022, 5:57 pm]{email: jb@gmail.com, mdp: x}
[May 7, 2022, 6:02 pm]{email: jb@gmail.com, mdp: x}
[May 7, 2022, 6:02 pm]{email: jb@gmail.com, mdp: x}
[May 7, 2022, 6:03 pm]{email: jb@gmail.com, mdp: x}
[May 7, 2022, 6:03 pm]{email: jb@gmail.com, mdp: x}
[May 7, 2022, 6:41 pm]{email: jb@gmail.com, mdp: x}
[May 7, 2022, 6:41 pm]{email: jb@gmail.com, mdp: x}
[May 7, 2022, 10:03 pm]{email: jb@gmail.com, mdp: x}
[May 7, 2022, 10:03 pm]{email: jb@gmail.com, mdp: x}
[May 7, 2022, 10:56 pm]{email: jb@gmail.com, mdp: x}
[May 7, 2022, 10:56 pm]{email: jb@gmail.com, mdp: x}
[May 7, 2022, 11:01 pm]{email: lina@gmail.com, mdp: passeLina}
[May 7, 2022, 11:01 pm]{email: lina@gmail.com, mdp: passeLina}
[May 8, 2022, 9:46 am]{email: jb@gmail.com, mdp: x}
[May 8, 2022, 12:36 pm]{email: jb@gmail.com, mdp: x}
[May 8, 2022, 12:37 pm]{email: lina@gmail.com, mdp: passeLina}
[May 8, 2022, 12:37 pm]{email: lina@gmail.com, mdp: passeLina}
[May 8, 2022, 12:38 pm]{email: jb@gmail.com, mdp: x}
[May 8, 2022, 12:38 pm]{email: jb@gmail.com, mdp: x}
[May 8, 2022, 12:44 pm]{email: jb@gmail.com, mdp: x}
[May 8, 2022, 12:44 pm]{email: jb@gmail.com, mdp: x}
[May 8, 2022, 12:46 pm]{email: jb@gmail.com, mdp: x}
[May 8, 2022, 12:54 pm]{email: jb@gmail.com, mdp: x}
[May 8, 2022, 12:58 pm]{email: jb@gmail.com, mdp: x}
[May 8, 2022, 12:58 pm]{email: jb@gmail.com, mdp: x}
[May 8, 2022, 1:45 pm]{email: jb@gmail.com, mdp: x}
[May 8, 2022, 1:45 pm]{email: jb@gmail.com, mdp: x}
[May 8, 2022, 1:45 pm]{email: test4@gmzil.com, mdp: a}
[May 8, 2022, 1:45 pm]{email: test4@gmzil.com, mdp: a}
[May 8, 2022, 1:55 pm]{email: jb@gmail.com, mdp: x}
[May 8, 2022, 1:55 pm]{email: jb@gmail.com, mdp: x}
[May 8, 2022, 1:57 pm]{email: jb@gmail.com, mdp: x}
[May 8, 2022, 1:57 pm]{email: jb@gmail.com, mdp: x}
[May 8, 2022, 1:57 pm]{email: jb@gmail.com, mdp: x}
[May 8, 2022, 1:57 pm]{email: jb@gmail.com, mdp: x}
[May 8, 2022, 2:17 pm]{email: jb@gmail.com, mdp: x}
[May 8, 2022, 2:17 pm]{email: jb@gmail.com, mdp: x}
[May 8, 2022, 2:17 pm]{email: jb@gmail.com, mdp: x}
