[April 1, 2022, 9:33 pm]{email: Lina@gmail.com, mdp: passeLina}
[April 1, 2022, 9:34 pm]{email: Edgar@gmail.com, mdp: passeEdgar}
[April 1, 2022, 9:53 pm]{email: , mdp: }
[April 1, 2022, 9:53 pm]{email: , mdp: }
[April 1, 2022, 9:55 pm]{email: , mdp: }
[April 1, 2022, 9:55 pm]{email: , mdp: }
[April 1, 2022, 9:55 pm]{email: , mdp: }
[April 1, 2022, 9:57 pm]{email: Lina@gmail.com, mdp: passeLina}
[April 1, 2022, 9:58 pm]{email: Edgar@gmail.com, mdp: passeEdgar}
[April 1, 2022, 9:59 pm]{email: Lina@gmail.com, mdp: passeLina}
[April 2, 2022, 10:35 am]{email: Lina@gmail.com, mdp: passeLina}
[April 2, 2022, 11:00 am]{email: Lina@gmail.com, mdp: passeLina}
[April 2, 2022, 11:01 am]{email: Lina@gmail.com, mdp: passeLina}
[April 2, 2022, 11:02 am]{email: Edgar@gmail.com, mdp: passeEdgar}
[April 2, 2022, 11:34 am]{email: Lina@gmail.com, mdp: passeLina}
[April 2, 2022, 11:35 am]{email: Lina@gmail.com, mdp: passeLina}
[April 2, 2022, 11:37 am]{email: Lina@gmail.com, mdp: passeLina}
[April 2, 2022, 12:01 pm]{email: Lina@gmail.com, mdp: passeLina}[April 2, 2022, 3:18 pm]{email: Lina@gmail.com, mdp: passeLina}
[April 2, 2022, 3:18 pm]{email: Edgar@gmail.com, mdp: passeEdgar}
[April 3, 2022, 10:30 am]{email: Lina@gmail.com, mdp: passeLina}
[April 3, 2022, 10:31 am]{email: Lina@gmail.com, mdp: passeLina}
[April 3, 2022, 10:37 am]{email: Lina@gmail.com, mdp: passeLina}
[April 3, 2022, 11:30 am]{email: Lina@gmail.com, mdp: passeLina}
[April 3, 2022, 11:30 am]{email: Lina@gmail.com, mdp: passeLina}
[April 3, 2022, 11:30 am]{email: Lina@gmail.com, mdp: passeLina}
[April 3, 2022, 11:53 am]{email: Lina@gmail.com, mdp: passeLina}
[April 3, 2022, 11:53 am]{email: Lina@gmail.com, mdp: passeLina}
[April 3, 2022, 11:55 am]{email: Lina@gmail.com, mdp: passeLina}
[April 3, 2022, 11:56 am]{email: Lina@gmail.com, mdp: passeLina}
[April 3, 2022, 11:56 am]{email: Edgar@gmail.com, mdp: passeEdgar}
[April 3, 2022, 12:34 pm]{email: Lina@gmail.com, mdp: passeLina}
[April 3, 2022, 12:34 pm]{email: Edgar@gmail.com, mdp: passeEdgar}
[April 3, 2022, 12:38 pm]{email: Lina@gmail.com, mdp: passeLina}
[April 3, 2022, 12:39 pm]{email: Edgar@gmail.com, mdp: passeEdgar}
[April 3, 2022, 12:39 pm]{email: Lina@gmail.com, mdp: passeLina}
[April 3, 2022, 12:45 pm]{email: Lina@gmail.com, mdp: passeLina}
[April 3, 2022, 12:46 pm]{email: Lina@gmail.com, mdp: passeLina}
[April 3, 2022, 12:49 pm]{email: Lina@gmail.com, mdp: passeLina}
[April 3, 2022, 12:49 pm]{email: Edgar@gmail.com, mdp: passeEdgar}
[April 3, 2022, 12:54 pm]{email: Lina@gmail.com, mdp: passeLina}
[April 3, 2022, 12:55 pm]{email: Lina@gmail.com, mdp: passeLina}
[April 3, 2022, 5:23 pm]{email: Lina@gmail.com, mdp: passeLina}
[April 3, 2022, 5:26 pm]{email: lina@gmail.com, mdp: passeLina}
[April 3, 2022, 5:27 pm]{email: lina@gmail.com, mdp: passeLina}
[April 3, 2022, 5:28 pm]{email: lina@gmail.com, mdp: passeLina}
[April 3, 2022, 5:30 pm]{email: lina@gmail.com, mdp: passeLina}
[April 3, 2022, 5:30 pm]{email: lina@gmail.com, mdp: passeLina}
[April 3, 2022, 5:31 pm]{email: edgar@gmail.com, mdp: passeEdgar}
[April 3, 2022, 5:32 pm]{email: edgar@gmail.com, mdp: passeEdgar}
[April 3, 2022, 5:32 pm]{email: jb@gmail.com, mdp: x}
[April 3, 2022, 5:33 pm]{email: jb@gmail.com, mdp: x}
[April 3, 2022, 5:33 pm]{email: jb@gmail.com, mdp: x}
[April 3, 2022, 7:48 pm]{email: lina@gmail.com, mdp: passeLina}
[April 3, 2022, 7:49 pm]{email: lina@gmail.com, mdp: passeLina}
[April 3, 2022, 7:50 pm]{email: edgar@gmail.com, mdp: passeEdgar}
[April 3, 2022, 7:51 pm]{email: jb@gmail.com, mdp: x}
[April 3, 2022, 7:52 pm]{email: jb@gmail.com, mdp: x}
[April 3, 2022, 7:53 pm]{email: jb@gmail.com, mdp: x}
[April 3, 2022, 7:54 pm]{email: jb@gmail.com, mdp: x}
[April 3, 2022, 7:58 pm]{email: lina@gmail.com, mdp: passeLina}
[April 3, 2022, 8:05 pm]{email: lina@gmail.com, mdp: passeLina}
[April 3, 2022, 8:25 pm]{email: lina@gmail.com, mdp: passeLina}
[April 3, 2022, 8:28 pm]{email: lina@gmail.com, mdp: passeLina}
[April 3, 2022, 8:41 pm]{email: lina@gmail.com, mdp: passeLina}
[April 3, 2022, 9:31 pm]{email: lina@gmail.com, mdp: passeLina}
[April 3, 2022, 11:13 pm]{email: lina@gmail.com, mdp: passeLina}
[April 3, 2022, 11:27 pm]{email: lina@gmail.com, mdp: passeLina}
[April 4, 2022, 7:28 am]{email: lina@gmail.com, mdp: passeLina}
[April 4, 2022, 4:48 pm]{email: lina@gmail.com, mdp: passeLina}
[April 4, 2022, 5:02 pm]{email: lina@gmail.com, mdp: passeLina}
[April 4, 2022, 5:14 pm]{email: edgard@gmail.com, mdp: passeEdgard}
[April 4, 2022, 5:32 pm]{email: edgar@gmail.com, mdp: passeEdgar}
[April 4, 2022, 6:24 pm]{email: edgar@gmail.com, mdp: passeEdgar}
[April 4, 2022, 6:24 pm]{email: lina@gmail.com, mdp: passeLina}
[April 4, 2022, 6:25 pm]{email: lina@gmail.com, mdp: passeLina}
[April 4, 2022, 6:25 pm]{email: lina@gmail.com, mdp: passeLina}
[April 4, 2022, 6:34 pm]{email: lina@gmail.com, mdp: passeLina}
[April 4, 2022, 6:34 pm]{email: edgar@gmail.com, mdp: passeEdgar}
[April 6, 2022, 10:21 pm]{email: lina@gmail.com, mdp: passeLina}
[April 6, 2022, 10:25 pm]{email: lina@gmail.com, mdp: passeLina}
[April 7, 2022, 9:12 pm]{email: jb@gmail.com, mdp: x}
[April 7, 2022, 9:12 pm]{email: lina@gmail.com, mdp: passeLina}
[April 7, 2022, 9:28 pm]{email: lina@gmail.com, mdp: passeLina}
[April 7, 2022, 9:39 pm]{email: lina@gmail.com, mdp: passeLina}
[April 7, 2022, 9:40 pm]{email: jb@gmail.com, mdp: x}
[April 8, 2022, 1:52 pm]{email: lina@gmail.com, mdp: passeLina}
[April 8, 2022, 2:01 pm]{email: lina@gmail.com, mdp: passeLina}
[April 8, 2022, 2:02 pm]{email: lina@gmail.com, mdp: passeLina}
[April 8, 2022, 2:27 pm]{email: lina@gmail.com, mdp: passeLina}
[April 8, 2022, 3:09 pm]{email: lina@gmail.com, mdp: passeLina}
[April 8, 2022, 5:43 pm]{email: jb@gmail.com, mdp: x}
[April 8, 2022, 8:25 pm]{email: lina@gmail.com, mdp: passeLina}
[April 10, 2022, 7:57 pm]{email: lina@gmail.com, mdp: passeLina}
